<?xml version="1.0" encoding="UTF-8"?>
<testng-results ignored="0" total="12" passed="11" failed="1" skipped="0">
  <reporter-output>
  </reporter-output>
  <suite started-at="2023-09-30T11:17:40 IST" name="Loan Department" finished-at="2023-09-30T11:17:41 IST" duration-ms="327">
    <groups>
      <group name="Smoke">
        <method signature="Day1.Demo()[pri:0, instance:test.Day1@6aeb35e6]" name="Demo" class="test.Day1"/>
        <method signature="Day3.LoginAPICarLoan()[pri:0, instance:test.Day3@1573f9fc]" name="LoginAPICarLoan" class="test.Day3"/>
        <method signature="Day3.MobileLogoutCarLoan()[pri:0, instance:test.Day3@1573f9fc]" name="MobileLogoutCarLoan" class="test.Day3"/>
      </group> <!-- Smoke -->
    </groups>
    <test started-at="2023-09-30T11:17:40 IST" name="Personal Loan" finished-at="2023-09-30T11:17:41 IST" duration-ms="173">
      <class name="test.Day1">
        <test-method signature="Demo()[pri:0, instance:test.Day1@6aeb35e6]" started-at="2023-09-30T11:17:40 IST" name="Demo" finished-at="2023-09-30T11:17:40 IST" duration-ms="14" status="PASS">
          <reporter-output>
          </reporter-output>
        </test-method> <!-- Demo -->
        <test-method signature="SecondTest()[pri:0, instance:test.Day1@6aeb35e6]" started-at="2023-09-30T11:17:40 IST" name="SecondTest" finished-at="2023-09-30T11:17:40 IST" duration-ms="3" status="PASS">
          <reporter-output>
          </reporter-output>
        </test-method> <!-- SecondTest -->
      </class> <!-- test.Day1 -->
      <class name="test.Day2">
        <test-method signature="ploan()[pri:0, instance:test.Day2@55b699ef]" started-at="2023-09-30T11:17:40 IST" name="ploan" finished-at="2023-09-30T11:17:40 IST" duration-ms="46" status="FAIL">
          <exception class="java.lang.AssertionError">
            <message>
              <![CDATA[expected [true] but found [false]]]>
            </message>
            <full-stacktrace>
              <![CDATA[java.lang.AssertionError: expected [true] but found [false]
at org.testng.Assert.fail(Assert.java:111)
at org.testng.Assert.failNotEquals(Assert.java:1578)
at org.testng.Assert.assertTrue(Assert.java:57)
at org.testng.Assert.assertTrue(Assert.java:67)
at test.Day2.ploan(Day2.java:11)
at java.base/jdk.internal.reflect.NativeMethodAccessorImpl.invoke0(Native Method)
at java.base/jdk.internal.reflect.NativeMethodAccessorImpl.invoke(NativeMethodAccessorImpl.java:77)
at java.base/jdk.internal.reflect.DelegatingMethodAccessorImpl.invoke(DelegatingMethodAccessorImpl.java:43)
at java.base/java.lang.reflect.Method.invoke(Method.java:568)
at org.testng.internal.invokers.MethodInvocationHelper.invokeMethod(MethodInvocationHelper.java:139)
at org.testng.internal.invokers.TestInvoker.invokeMethod(TestInvoker.java:664)
at org.testng.internal.invokers.TestInvoker.invokeTestMethod(TestInvoker.java:227)
at org.testng.internal.invokers.MethodRunner.runInSequence(MethodRunner.java:50)
at org.testng.internal.invokers.TestInvoker$MethodInvocationAgent.invoke(TestInvoker.java:957)
at org.testng.internal.invokers.TestInvoker.invokeTestMethods(TestInvoker.java:200)
at org.testng.internal.invokers.TestMethodWorker.invokeTestMethods(TestMethodWorker.java:148)
at org.testng.internal.invokers.TestMethodWorker.run(TestMethodWorker.java:128)
at java.base/java.util.ArrayList.forEach(ArrayList.java:1511)
at org.testng.TestRunner.privateRun(TestRunner.java:848)
at org.testng.TestRunner.run(TestRunner.java:621)
at org.testng.SuiteRunner.runTest(SuiteRunner.java:443)
at org.testng.SuiteRunner$SuiteWorker.run(SuiteRunner.java:481)
at org.testng.internal.thread.ThreadUtil.lambda$execute$0(ThreadUtil.java:58)
at java.base/java.util.concurrent.FutureTask.run(FutureTask.java:264)
at java.base/java.util.concurrent.ThreadPoolExecutor.runWorker(ThreadPoolExecutor.java:1136)
at java.base/java.util.concurrent.ThreadPoolExecutor$Worker.run(ThreadPoolExecutor.java:635)
at java.base/java.lang.Thread.run(Thread.java:833)
]]>
            </full-stacktrace>
          </exception> <!-- java.lang.AssertionError -->
          <reporter-output>
          </reporter-output>
        </test-method> <!-- ploan -->
      </class> <!-- test.Day2 -->
    </test> <!-- Personal Loan -->
    <test started-at="2023-09-30T11:17:40 IST" name="Car Loan" finished-at="2023-09-30T11:17:40 IST" duration-ms="158">
      <class name="test.Day3">
        <test-method signature="LoginAPICarLoan()[pri:0, instance:test.Day3@1573f9fc]" started-at="2023-09-30T11:17:40 IST" name="LoginAPICarLoan" finished-at="2023-09-30T11:17:40 IST" duration-ms="13" status="PASS">
          <reporter-output>
          </reporter-output>
        </test-method> <!-- LoginAPICarLoan -->
        <test-method signature="MobileLogoutCarLoan()[pri:0, instance:test.Day3@1573f9fc]" started-at="2023-09-30T11:17:40 IST" name="MobileLogoutCarLoan" finished-at="2023-09-30T11:17:40 IST" duration-ms="7" status="PASS">
          <reporter-output>
          </reporter-output>
        </test-method> <!-- MobileLogoutCarLoan -->
        <test-method signature="MobileSigninCarLoan()[pri:0, instance:test.Day3@1573f9fc]" started-at="2023-09-30T11:17:40 IST" name="MobileSigninCarLoan" finished-at="2023-09-30T11:17:40 IST" duration-ms="4" status="PASS">
          <reporter-output>
          </reporter-output>
        </test-method> <!-- MobileSigninCarLoan -->
        <test-method signature="MobileSignoutCarLoan()[pri:0, instance:test.Day3@1573f9fc]" started-at="2023-09-30T11:17:40 IST" name="MobileSignoutCarLoan" finished-at="2023-09-30T11:17:40 IST" duration-ms="8" status="PASS">
          <reporter-output>
          </reporter-output>
        </test-method> <!-- MobileSignoutCarLoan -->
        <test-method signature="WebLoginCarLoan(java.lang.String)[pri:0, instance:test.Day3@1573f9fc]" started-at="2023-09-30T11:17:40 IST" name="WebLoginCarLoan" finished-at="2023-09-30T11:17:40 IST" duration-ms="6" status="PASS">
          <params>
            <param index="0">
              <value>
                <![CDATA[http://www.google.com]]>
              </value>
            </param>
          </params>
          <reporter-output>
          </reporter-output>
        </test-method> <!-- WebLoginCarLoan -->
      </class> <!-- test.Day3 -->
    </test> <!-- Car Loan -->
    <test started-at="2023-09-30T11:17:41 IST" name="Home Loan" finished-at="2023-09-30T11:17:41 IST" duration-ms="55">
      <class name="test.Day4">
        <test-method is-config="true" signature="prerequisite()[pri:0, instance:test.Day4@55fe41ea]" started-at="2023-09-30T11:17:41 IST" name="prerequisite" finished-at="2023-09-30T11:17:41 IST" duration-ms="7" status="PASS">
          <reporter-output>
          </reporter-output>
        </test-method> <!-- prerequisite -->
        <test-method signature="MobileLoginHomeLoan(java.lang.String,java.lang.String)[pri:0, instance:test.Day4@55fe41ea]" started-at="2023-09-30T11:17:41 IST" name="MobileLoginHomeLoan" data-provider="getData" finished-at="2023-09-30T11:17:41 IST" duration-ms="5" status="PASS">
          <params>
            <param index="0">
              <value>
                <![CDATA[firstusername]]>
              </value>
            </param>
            <param index="1">
              <value>
                <![CDATA[firstpassword]]>
              </value>
            </param>
          </params>
          <reporter-output>
          </reporter-output>
        </test-method> <!-- MobileLoginHomeLoan -->
        <test-method signature="MobileLoginHomeLoan(java.lang.String,java.lang.String)[pri:0, instance:test.Day4@55fe41ea]" started-at="2023-09-30T11:17:41 IST" name="MobileLoginHomeLoan" data-provider="getData" finished-at="2023-09-30T11:17:41 IST" duration-ms="9" status="PASS">
          <params>
            <param index="0">
              <value>
                <![CDATA[secondusername]]>
              </value>
            </param>
            <param index="1">
              <value>
                <![CDATA[secondpassword]]>
              </value>
            </param>
          </params>
          <reporter-output>
          </reporter-output>
        </test-method> <!-- MobileLoginHomeLoan -->
        <test-method signature="MobileLoginHomeLoan(java.lang.String,java.lang.String)[pri:0, instance:test.Day4@55fe41ea]" started-at="2023-09-30T11:17:41 IST" name="MobileLoginHomeLoan" data-provider="getData" finished-at="2023-09-30T11:17:41 IST" duration-ms="6" status="PASS">
          <params>
            <param index="0">
              <value>
                <![CDATA[thirdusername]]>
              </value>
            </param>
            <param index="1">
              <value>
                <![CDATA[thirdpassword]]>
              </value>
            </param>
          </params>
          <reporter-output>
          </reporter-output>
        </test-method> <!-- MobileLoginHomeLoan -->
        <test-method signature="WebLoginHomeLoan()[pri:0, instance:test.Day4@55fe41ea]" started-at="2023-09-30T11:17:41 IST" name="WebLoginHomeLoan" finished-at="2023-09-30T11:17:41 IST" duration-ms="4" status="PASS">
          <reporter-output>
          </reporter-output>
        </test-method> <!-- WebLoginHomeLoan -->
        <test-method is-config="true" signature="lastexecuteion()[pri:0, instance:test.Day4@55fe41ea]" started-at="2023-09-30T11:17:41 IST" name="lastexecuteion" finished-at="2023-09-30T11:17:41 IST" duration-ms="1" status="PASS">
          <reporter-output>
          </reporter-output>
        </test-method> <!-- lastexecuteion -->
      </class> <!-- test.Day4 -->
    </test> <!-- Home Loan -->
  </suite> <!-- Loan Department -->
</testng-results>
